{"name":"hexo","hostname":"LeonLaw-MacbookPro.local","pid":73561,"level":20,"msg":"Hexo version: \u001b[35m3.1.1\u001b[39m","time":"2015-12-15T12:22:19.437Z","v":0}
{"name":"hexo","hostname":"LeonLaw-MacbookPro.local","pid":73561,"level":20,"msg":"Working directory: \u001b[35m~/leonlo.github.io/\u001b[39m","time":"2015-12-15T12:22:19.442Z","v":0}
{"name":"hexo","hostname":"LeonLaw-MacbookPro.local","pid":73561,"level":20,"msg":"Config loaded: \u001b[35m~/leonlo.github.io/_config.yml\u001b[39m","time":"2015-12-15T12:22:19.604Z","v":0}
{"name":"hexo","hostname":"LeonLaw-MacbookPro.local","pid":73561,"level":20,"msg":"Script loaded: \u001b[35mthemes/landscape/scripts/fancybox.js\u001b[39m","time":"2015-12-15T12:22:19.618Z","v":0}
{"name":"hexo","hostname":"LeonLaw-MacbookPro.local","pid":73561,"level":20,"msg":"Plugin loaded: \u001b[35mhexo-generator-archive\u001b[39m","time":"2015-12-15T12:22:19.624Z","v":0}
{"name":"hexo","hostname":"LeonLaw-MacbookPro.local","pid":73561,"level":20,"msg":"Plugin loaded: \u001b[35mhexo-generator-category\u001b[39m","time":"2015-12-15T12:22:19.629Z","v":0}
{"name":"hexo","hostname":"LeonLaw-MacbookPro.local","pid":73561,"level":20,"msg":"Plugin loaded: \u001b[35mhexo-deployer-git\u001b[39m","time":"2015-12-15T12:22:19.918Z","v":0}
{"name":"hexo","hostname":"LeonLaw-MacbookPro.local","pid":73561,"level":20,"msg":"Plugin loaded: \u001b[35mhexo-renderer-stylus\u001b[39m","time":"2015-12-15T12:22:20.128Z","v":0}
{"name":"hexo","hostname":"LeonLaw-MacbookPro.local","pid":73561,"level":20,"msg":"Plugin loaded: \u001b[35mhexo-generator-tag\u001b[39m","time":"2015-12-15T12:22:20.133Z","v":0}
{"name":"hexo","hostname":"LeonLaw-MacbookPro.local","pid":73561,"level":20,"msg":"Plugin loaded: \u001b[35mhexo-renderer-marked\u001b[39m","time":"2015-12-15T12:22:20.249Z","v":0}
{"name":"hexo","hostname":"LeonLaw-MacbookPro.local","pid":73561,"level":20,"msg":"Plugin loaded: \u001b[35mhexo-generator-index\u001b[39m","time":"2015-12-15T12:22:20.254Z","v":0}
{"name":"hexo","hostname":"LeonLaw-MacbookPro.local","pid":73561,"level":20,"msg":"Plugin loaded: \u001b[35mhexo-renderer-ejs\u001b[39m","time":"2015-12-15T12:22:20.260Z","v":0}
{"name":"hexo","hostname":"LeonLaw-MacbookPro.local","pid":73561,"level":20,"msg":"Plugin loaded: \u001b[35mhexo-server\u001b[39m","time":"2015-12-15T12:22:20.449Z","v":0}
{"name":"hexo","hostname":"LeonLaw-MacbookPro.local","pid":73561,"level":20,"msg":"Loading database.","time":"2015-12-15T12:22:20.460Z","v":0}
{"name":"hexo","hostname":"LeonLaw-MacbookPro.local","pid":73561,"level":20,"msg":"Unchanged: \u001b[35msource/_posts/hello-world.md\u001b[39m","time":"2015-12-15T12:22:20.520Z","v":0}
{"name":"hexo","hostname":"LeonLaw-MacbookPro.local","pid":73561,"level":20,"msg":"Processed: \u001b[35m_posts/hello-world.md\u001b[39m","time":"2015-12-15T12:22:20.545Z","v":0}
{"name":"hexo","hostname":"LeonLaw-MacbookPro.local","pid":73561,"level":20,"msg":"Unchanged: \u001b[35mthemes/landscape/_config.yml\u001b[39m","time":"2015-12-15T12:22:20.595Z","v":0}
{"name":"hexo","hostname":"LeonLaw-MacbookPro.local","pid":73561,"level":20,"msg":"Unchanged: \u001b[35mthemes/landscape/README.md\u001b[39m","time":"2015-12-15T12:22:20.596Z","v":0}
{"name":"hexo","hostname":"LeonLaw-MacbookPro.local","pid":73561,"level":20,"msg":"Unchanged: \u001b[35mthemes/landscape/Gruntfile.js\u001b[39m","time":"2015-12-15T12:22:20.596Z","v":0}
{"name":"hexo","hostname":"LeonLaw-MacbookPro.local","pid":73561,"level":20,"msg":"Unchanged: \u001b[35mthemes/landscape/LICENSE\u001b[39m","time":"2015-12-15T12:22:20.596Z","v":0}
{"name":"hexo","hostname":"LeonLaw-MacbookPro.local","pid":73561,"level":20,"msg":"Unchanged: \u001b[35mthemes/landscape/layout/_partial/after-footer.ejs\u001b[39m","time":"2015-12-15T12:22:20.597Z","v":0}
{"name":"hexo","hostname":"LeonLaw-MacbookPro.local","pid":73561,"level":20,"msg":"Unchanged: \u001b[35mthemes/landscape/layout/_partial/archive.ejs\u001b[39m","time":"2015-12-15T12:22:20.597Z","v":0}
{"name":"hexo","hostname":"LeonLaw-MacbookPro.local","pid":73561,"level":20,"msg":"Unchanged: \u001b[35mthemes/landscape/layout/_partial/article.ejs\u001b[39m","time":"2015-12-15T12:22:20.597Z","v":0}
{"name":"hexo","hostname":"LeonLaw-MacbookPro.local","pid":73561,"level":20,"msg":"Unchanged: \u001b[35mthemes/landscape/layout/_partial/archive-post.ejs\u001b[39m","time":"2015-12-15T12:22:20.598Z","v":0}
{"name":"hexo","hostname":"LeonLaw-MacbookPro.local","pid":73561,"level":20,"msg":"Unchanged: \u001b[35mthemes/landscape/layout/_partial/footer.ejs\u001b[39m","time":"2015-12-15T12:22:20.598Z","v":0}
{"name":"hexo","hostname":"LeonLaw-MacbookPro.local","pid":73561,"level":20,"msg":"Unchanged: \u001b[35mthemes/landscape/layout/_partial/mobile-nav.ejs\u001b[39m","time":"2015-12-15T12:22:20.598Z","v":0}
{"name":"hexo","hostname":"LeonLaw-MacbookPro.local","pid":73561,"level":20,"msg":"Unchanged: \u001b[35mthemes/landscape/layout/_partial/post/date.ejs\u001b[39m","time":"2015-12-15T12:22:20.599Z","v":0}
{"name":"hexo","hostname":"LeonLaw-MacbookPro.local","pid":73561,"level":20,"msg":"Unchanged: \u001b[35mthemes/landscape/layout/_partial/google-analytics.ejs\u001b[39m","time":"2015-12-15T12:22:20.599Z","v":0}
{"name":"hexo","hostname":"LeonLaw-MacbookPro.local","pid":73561,"level":20,"msg":"Unchanged: \u001b[35mthemes/landscape/layout/_partial/header.ejs\u001b[39m","time":"2015-12-15T12:22:20.599Z","v":0}
{"name":"hexo","hostname":"LeonLaw-MacbookPro.local","pid":73561,"level":20,"msg":"Unchanged: \u001b[35mthemes/landscape/layout/_partial/head.ejs\u001b[39m","time":"2015-12-15T12:22:20.599Z","v":0}
{"name":"hexo","hostname":"LeonLaw-MacbookPro.local","pid":73561,"level":20,"msg":"Unchanged: \u001b[35mthemes/landscape/layout/_partial/post/tag.ejs\u001b[39m","time":"2015-12-15T12:22:20.601Z","v":0}
{"name":"hexo","hostname":"LeonLaw-MacbookPro.local","pid":73561,"level":20,"msg":"Unchanged: \u001b[35mthemes/landscape/layout/_partial/post/nav.ejs\u001b[39m","time":"2015-12-15T12:22:20.601Z","v":0}
{"name":"hexo","hostname":"LeonLaw-MacbookPro.local","pid":73561,"level":20,"msg":"Unchanged: \u001b[35mthemes/landscape/layout/_partial/post/category.ejs\u001b[39m","time":"2015-12-15T12:22:20.601Z","v":0}
{"name":"hexo","hostname":"LeonLaw-MacbookPro.local","pid":73561,"level":20,"msg":"Unchanged: \u001b[35mthemes/landscape/layout/_partial/post/gallery.ejs\u001b[39m","time":"2015-12-15T12:22:20.602Z","v":0}
{"name":"hexo","hostname":"LeonLaw-MacbookPro.local","pid":73561,"level":20,"msg":"Unchanged: \u001b[35mthemes/landscape/layout/_widget/category.ejs\u001b[39m","time":"2015-12-15T12:22:20.602Z","v":0}
{"name":"hexo","hostname":"LeonLaw-MacbookPro.local","pid":73561,"level":20,"msg":"Unchanged: \u001b[35mthemes/landscape/layout/_widget/archive.ejs\u001b[39m","time":"2015-12-15T12:22:20.602Z","v":0}
{"name":"hexo","hostname":"LeonLaw-MacbookPro.local","pid":73561,"level":20,"msg":"Unchanged: \u001b[35mthemes/landscape/layout/_partial/sidebar.ejs\u001b[39m","time":"2015-12-15T12:22:20.603Z","v":0}
{"name":"hexo","hostname":"LeonLaw-MacbookPro.local","pid":73561,"level":20,"msg":"Unchanged: \u001b[35mthemes/landscape/layout/_partial/post/title.ejs\u001b[39m","time":"2015-12-15T12:22:20.603Z","v":0}
{"name":"hexo","hostname":"LeonLaw-MacbookPro.local","pid":73561,"level":20,"msg":"Unchanged: \u001b[35mthemes/landscape/layout/category.ejs\u001b[39m","time":"2015-12-15T12:22:20.603Z","v":0}
{"name":"hexo","hostname":"LeonLaw-MacbookPro.local","pid":73561,"level":20,"msg":"Unchanged: \u001b[35mthemes/landscape/layout/_widget/tagcloud.ejs\u001b[39m","time":"2015-12-15T12:22:20.604Z","v":0}
{"name":"hexo","hostname":"LeonLaw-MacbookPro.local","pid":73561,"level":20,"msg":"Unchanged: \u001b[35mthemes/landscape/layout/_widget/recent_posts.ejs\u001b[39m","time":"2015-12-15T12:22:20.604Z","v":0}
{"name":"hexo","hostname":"LeonLaw-MacbookPro.local","pid":73561,"level":20,"msg":"Unchanged: \u001b[35mthemes/landscape/layout/_widget/tag.ejs\u001b[39m","time":"2015-12-15T12:22:20.604Z","v":0}
{"name":"hexo","hostname":"LeonLaw-MacbookPro.local","pid":73561,"level":20,"msg":"Unchanged: \u001b[35mthemes/landscape/layout/page.ejs\u001b[39m","time":"2015-12-15T12:22:20.604Z","v":0}
{"name":"hexo","hostname":"LeonLaw-MacbookPro.local","pid":73561,"level":20,"msg":"Unchanged: \u001b[35mthemes/landscape/scripts/fancybox.js\u001b[39m","time":"2015-12-15T12:22:20.605Z","v":0}
{"name":"hexo","hostname":"LeonLaw-MacbookPro.local","pid":73561,"level":20,"msg":"Unchanged: \u001b[35mthemes/landscape/layout/layout.ejs\u001b[39m","time":"2015-12-15T12:22:20.606Z","v":0}
{"name":"hexo","hostname":"LeonLaw-MacbookPro.local","pid":73561,"level":20,"msg":"Unchanged: \u001b[35mthemes/landscape/layout/archive.ejs\u001b[39m","time":"2015-12-15T12:22:20.607Z","v":0}
{"name":"hexo","hostname":"LeonLaw-MacbookPro.local","pid":73561,"level":20,"msg":"Unchanged: \u001b[35mthemes/landscape/layout/index.ejs\u001b[39m","time":"2015-12-15T12:22:20.608Z","v":0}
{"name":"hexo","hostname":"LeonLaw-MacbookPro.local","pid":73561,"level":20,"msg":"Unchanged: \u001b[35mthemes/landscape/layout/post.ejs\u001b[39m","time":"2015-12-15T12:22:20.608Z","v":0}
{"name":"hexo","hostname":"LeonLaw-MacbookPro.local","pid":73561,"level":20,"msg":"Unchanged: \u001b[35mthemes/landscape/source/css/_extend.styl\u001b[39m","time":"2015-12-15T12:22:20.608Z","v":0}
{"name":"hexo","hostname":"LeonLaw-MacbookPro.local","pid":73561,"level":20,"msg":"Unchanged: \u001b[35mthemes/landscape/package.json\u001b[39m","time":"2015-12-15T12:22:20.608Z","v":0}
{"name":"hexo","hostname":"LeonLaw-MacbookPro.local","pid":73561,"level":20,"msg":"Unchanged: \u001b[35mthemes/landscape/layout/tag.ejs\u001b[39m","time":"2015-12-15T12:22:20.609Z","v":0}
{"name":"hexo","hostname":"LeonLaw-MacbookPro.local","pid":73561,"level":20,"msg":"Unchanged: \u001b[35mthemes/landscape/source/css/_partial/archive.styl\u001b[39m","time":"2015-12-15T12:22:20.609Z","v":0}
{"name":"hexo","hostname":"LeonLaw-MacbookPro.local","pid":73561,"level":20,"msg":"Unchanged: \u001b[35mthemes/landscape/source/css/_partial/comment.styl\u001b[39m","time":"2015-12-15T12:22:20.609Z","v":0}
{"name":"hexo","hostname":"LeonLaw-MacbookPro.local","pid":73561,"level":20,"msg":"Unchanged: \u001b[35mthemes/landscape/source/css/_partial/footer.styl\u001b[39m","time":"2015-12-15T12:22:20.609Z","v":0}
{"name":"hexo","hostname":"LeonLaw-MacbookPro.local","pid":73561,"level":20,"msg":"Unchanged: \u001b[35mthemes/landscape/source/css/_partial/article.styl\u001b[39m","time":"2015-12-15T12:22:20.610Z","v":0}
{"name":"hexo","hostname":"LeonLaw-MacbookPro.local","pid":73561,"level":20,"msg":"Unchanged: \u001b[35mthemes/landscape/source/css/_partial/header.styl\u001b[39m","time":"2015-12-15T12:22:20.610Z","v":0}
{"name":"hexo","hostname":"LeonLaw-MacbookPro.local","pid":73561,"level":20,"msg":"Unchanged: \u001b[35mthemes/landscape/source/css/_partial/sidebar-bottom.styl\u001b[39m","time":"2015-12-15T12:22:20.610Z","v":0}
{"name":"hexo","hostname":"LeonLaw-MacbookPro.local","pid":73561,"level":20,"msg":"Unchanged: \u001b[35mthemes/landscape/source/css/_partial/highlight.styl\u001b[39m","time":"2015-12-15T12:22:20.610Z","v":0}
{"name":"hexo","hostname":"LeonLaw-MacbookPro.local","pid":73561,"level":20,"msg":"Unchanged: \u001b[35mthemes/landscape/source/css/_partial/sidebar-aside.styl\u001b[39m","time":"2015-12-15T12:22:20.610Z","v":0}
{"name":"hexo","hostname":"LeonLaw-MacbookPro.local","pid":73561,"level":20,"msg":"Unchanged: \u001b[35mthemes/landscape/source/css/_partial/mobile.styl\u001b[39m","time":"2015-12-15T12:22:20.610Z","v":0}
{"name":"hexo","hostname":"LeonLaw-MacbookPro.local","pid":73561,"level":20,"msg":"Unchanged: \u001b[35mthemes/landscape/source/css/_util/mixin.styl\u001b[39m","time":"2015-12-15T12:22:20.610Z","v":0}
{"name":"hexo","hostname":"LeonLaw-MacbookPro.local","pid":73561,"level":20,"msg":"Unchanged: \u001b[35mthemes/landscape/source/css/_partial/sidebar.styl\u001b[39m","time":"2015-12-15T12:22:20.611Z","v":0}
{"name":"hexo","hostname":"LeonLaw-MacbookPro.local","pid":73561,"level":20,"msg":"Unchanged: \u001b[35mthemes/landscape/source/css/_variables.styl\u001b[39m","time":"2015-12-15T12:22:20.611Z","v":0}
{"name":"hexo","hostname":"LeonLaw-MacbookPro.local","pid":73561,"level":20,"msg":"Unchanged: \u001b[35mthemes/landscape/source/css/_util/grid.styl\u001b[39m","time":"2015-12-15T12:22:20.612Z","v":0}
{"name":"hexo","hostname":"LeonLaw-MacbookPro.local","pid":73561,"level":20,"msg":"Unchanged: \u001b[35mthemes/landscape/source/css/fonts/fontawesome-webfont.eot\u001b[39m","time":"2015-12-15T12:22:20.612Z","v":0}
{"name":"hexo","hostname":"LeonLaw-MacbookPro.local","pid":73561,"level":20,"msg":"Unchanged: \u001b[35mthemes/landscape/source/fancybox/blank.gif\u001b[39m","time":"2015-12-15T12:22:20.613Z","v":0}
{"name":"hexo","hostname":"LeonLaw-MacbookPro.local","pid":73561,"level":20,"msg":"Unchanged: \u001b[35mthemes/landscape/source/css/fonts/FontAwesome.otf\u001b[39m","time":"2015-12-15T12:22:20.613Z","v":0}
{"name":"hexo","hostname":"LeonLaw-MacbookPro.local","pid":73561,"level":20,"msg":"Unchanged: \u001b[35mthemes/landscape/source/css/style.styl\u001b[39m","time":"2015-12-15T12:22:20.614Z","v":0}
{"name":"hexo","hostname":"LeonLaw-MacbookPro.local","pid":73561,"level":20,"msg":"Unchanged: \u001b[35mthemes/landscape/source/css/fonts/fontawesome-webfont.woff\u001b[39m","time":"2015-12-15T12:22:20.614Z","v":0}
{"name":"hexo","hostname":"LeonLaw-MacbookPro.local","pid":73561,"level":20,"msg":"Unchanged: \u001b[35mthemes/landscape/source/fancybox/fancybox_loading.gif\u001b[39m","time":"2015-12-15T12:22:20.614Z","v":0}
{"name":"hexo","hostname":"LeonLaw-MacbookPro.local","pid":73561,"level":20,"msg":"Unchanged: \u001b[35mthemes/landscape/source/fancybox/fancybox_sprite@2x.png\u001b[39m","time":"2015-12-15T12:22:20.615Z","v":0}
{"name":"hexo","hostname":"LeonLaw-MacbookPro.local","pid":73561,"level":20,"msg":"Unchanged: \u001b[35mthemes/landscape/source/fancybox/fancybox_loading@2x.gif\u001b[39m","time":"2015-12-15T12:22:20.615Z","v":0}
{"name":"hexo","hostname":"LeonLaw-MacbookPro.local","pid":73561,"level":20,"msg":"Unchanged: \u001b[35mthemes/landscape/source/fancybox/fancybox_overlay.png\u001b[39m","time":"2015-12-15T12:22:20.615Z","v":0}
{"name":"hexo","hostname":"LeonLaw-MacbookPro.local","pid":73561,"level":20,"msg":"Unchanged: \u001b[35mthemes/landscape/source/fancybox/fancybox_sprite.png\u001b[39m","time":"2015-12-15T12:22:20.616Z","v":0}
{"name":"hexo","hostname":"LeonLaw-MacbookPro.local","pid":73561,"level":20,"msg":"Unchanged: \u001b[35mthemes/landscape/source/fancybox/helpers/jquery.fancybox-buttons.js\u001b[39m","time":"2015-12-15T12:22:20.616Z","v":0}
{"name":"hexo","hostname":"LeonLaw-MacbookPro.local","pid":73561,"level":20,"msg":"Unchanged: \u001b[35mthemes/landscape/source/fancybox/helpers/fancybox_buttons.png\u001b[39m","time":"2015-12-15T12:22:20.617Z","v":0}
{"name":"hexo","hostname":"LeonLaw-MacbookPro.local","pid":73561,"level":20,"msg":"Unchanged: \u001b[35mthemes/landscape/source/fancybox/helpers/jquery.fancybox-buttons.css\u001b[39m","time":"2015-12-15T12:22:20.617Z","v":0}
{"name":"hexo","hostname":"LeonLaw-MacbookPro.local","pid":73561,"level":20,"msg":"Unchanged: \u001b[35mthemes/landscape/source/fancybox/helpers/jquery.fancybox-media.js\u001b[39m","time":"2015-12-15T12:22:20.617Z","v":0}
{"name":"hexo","hostname":"LeonLaw-MacbookPro.local","pid":73561,"level":20,"msg":"Unchanged: \u001b[35mthemes/landscape/source/fancybox/helpers/jquery.fancybox-thumbs.css\u001b[39m","time":"2015-12-15T12:22:20.617Z","v":0}
{"name":"hexo","hostname":"LeonLaw-MacbookPro.local","pid":73561,"level":20,"msg":"Unchanged: \u001b[35mthemes/landscape/source/fancybox/jquery.fancybox.css\u001b[39m","time":"2015-12-15T12:22:20.620Z","v":0}
{"name":"hexo","hostname":"LeonLaw-MacbookPro.local","pid":73561,"level":20,"msg":"Unchanged: \u001b[35mthemes/landscape/source/fancybox/helpers/jquery.fancybox-thumbs.js\u001b[39m","time":"2015-12-15T12:22:20.620Z","v":0}
{"name":"hexo","hostname":"LeonLaw-MacbookPro.local","pid":73561,"level":20,"msg":"Unchanged: \u001b[35mthemes/landscape/source/fancybox/jquery.fancybox.js\u001b[39m","time":"2015-12-15T12:22:20.620Z","v":0}
{"name":"hexo","hostname":"LeonLaw-MacbookPro.local","pid":73561,"level":20,"msg":"Unchanged: \u001b[35mthemes/landscape/source/js/script.js\u001b[39m","time":"2015-12-15T12:22:20.620Z","v":0}
{"name":"hexo","hostname":"LeonLaw-MacbookPro.local","pid":73561,"level":20,"msg":"Unchanged: \u001b[35mthemes/landscape/source/fancybox/jquery.fancybox.pack.js\u001b[39m","time":"2015-12-15T12:22:20.621Z","v":0}
{"name":"hexo","hostname":"LeonLaw-MacbookPro.local","pid":73561,"level":20,"msg":"Unchanged: \u001b[35mthemes/landscape/source/css/fonts/fontawesome-webfont.ttf\u001b[39m","time":"2015-12-15T12:22:20.622Z","v":0}
{"name":"hexo","hostname":"LeonLaw-MacbookPro.local","pid":73561,"level":20,"msg":"Unchanged: \u001b[35mthemes/landscape/source/css/fonts/fontawesome-webfont.svg\u001b[39m","time":"2015-12-15T12:22:20.624Z","v":0}
{"name":"hexo","hostname":"LeonLaw-MacbookPro.local","pid":73561,"level":20,"msg":"Unchanged: \u001b[35mthemes/landscape/source/css/images/banner.jpg\u001b[39m","time":"2015-12-15T12:22:20.625Z","v":0}
{"name":"hexo","hostname":"LeonLaw-MacbookPro.local","pid":73561,"level":20,"msg":"Processed: \u001b[35msource/css/images/banner.jpg\u001b[39m","time":"2015-12-15T12:22:20.628Z","v":0}
{"name":"hexo","hostname":"LeonLaw-MacbookPro.local","pid":73561,"level":20,"msg":"Processed: \u001b[35msource/css/fonts/fontawesome-webfont.svg\u001b[39m","time":"2015-12-15T12:22:20.628Z","v":0}
{"name":"hexo","hostname":"LeonLaw-MacbookPro.local","pid":73561,"level":20,"msg":"Processed: \u001b[35msource/css/fonts/fontawesome-webfont.ttf\u001b[39m","time":"2015-12-15T12:22:20.629Z","v":0}
{"name":"hexo","hostname":"LeonLaw-MacbookPro.local","pid":73561,"level":20,"msg":"Processed: \u001b[35msource/js/script.js\u001b[39m","time":"2015-12-15T12:22:20.629Z","v":0}
{"name":"hexo","hostname":"LeonLaw-MacbookPro.local","pid":73561,"level":20,"msg":"Processed: \u001b[35msource/fancybox/jquery.fancybox.pack.js\u001b[39m","time":"2015-12-15T12:22:20.629Z","v":0}
{"name":"hexo","hostname":"LeonLaw-MacbookPro.local","pid":73561,"level":20,"msg":"Processed: \u001b[35msource/fancybox/jquery.fancybox.js\u001b[39m","time":"2015-12-15T12:22:20.629Z","v":0}
{"name":"hexo","hostname":"LeonLaw-MacbookPro.local","pid":73561,"level":20,"msg":"Processed: \u001b[35msource/fancybox/jquery.fancybox.css\u001b[39m","time":"2015-12-15T12:22:20.630Z","v":0}
{"name":"hexo","hostname":"LeonLaw-MacbookPro.local","pid":73561,"level":20,"msg":"Processed: \u001b[35msource/fancybox/helpers/jquery.fancybox-thumbs.js\u001b[39m","time":"2015-12-15T12:22:20.630Z","v":0}
{"name":"hexo","hostname":"LeonLaw-MacbookPro.local","pid":73561,"level":20,"msg":"Processed: \u001b[35msource/fancybox/helpers/jquery.fancybox-thumbs.css\u001b[39m","time":"2015-12-15T12:22:20.630Z","v":0}
{"name":"hexo","hostname":"LeonLaw-MacbookPro.local","pid":73561,"level":20,"msg":"Processed: \u001b[35msource/fancybox/helpers/jquery.fancybox-media.js\u001b[39m","time":"2015-12-15T12:22:20.631Z","v":0}
{"name":"hexo","hostname":"LeonLaw-MacbookPro.local","pid":73561,"level":20,"msg":"Processed: \u001b[35msource/fancybox/helpers/jquery.fancybox-buttons.css\u001b[39m","time":"2015-12-15T12:22:20.631Z","v":0}
{"name":"hexo","hostname":"LeonLaw-MacbookPro.local","pid":73561,"level":20,"msg":"Processed: \u001b[35msource/fancybox/helpers/jquery.fancybox-buttons.js\u001b[39m","time":"2015-12-15T12:22:20.631Z","v":0}
{"name":"hexo","hostname":"LeonLaw-MacbookPro.local","pid":73561,"level":20,"msg":"Processed: \u001b[35msource/fancybox/helpers/fancybox_buttons.png\u001b[39m","time":"2015-12-15T12:22:20.632Z","v":0}
{"name":"hexo","hostname":"LeonLaw-MacbookPro.local","pid":73561,"level":20,"msg":"Processed: \u001b[35msource/fancybox/fancybox_overlay.png\u001b[39m","time":"2015-12-15T12:22:20.632Z","v":0}
{"name":"hexo","hostname":"LeonLaw-MacbookPro.local","pid":73561,"level":20,"msg":"Processed: \u001b[35msource/fancybox/fancybox_sprite.png\u001b[39m","time":"2015-12-15T12:22:20.633Z","v":0}
{"name":"hexo","hostname":"LeonLaw-MacbookPro.local","pid":73561,"level":20,"msg":"Processed: \u001b[35msource/fancybox/fancybox_sprite@2x.png\u001b[39m","time":"2015-12-15T12:22:20.639Z","v":0}
{"name":"hexo","hostname":"LeonLaw-MacbookPro.local","pid":73561,"level":20,"msg":"Processed: \u001b[35msource/fancybox/fancybox_loading@2x.gif\u001b[39m","time":"2015-12-15T12:22:20.640Z","v":0}
{"name":"hexo","hostname":"LeonLaw-MacbookPro.local","pid":73561,"level":20,"msg":"Processed: \u001b[35msource/fancybox/fancybox_loading.gif\u001b[39m","time":"2015-12-15T12:22:20.640Z","v":0}
{"name":"hexo","hostname":"LeonLaw-MacbookPro.local","pid":73561,"level":20,"msg":"Processed: \u001b[35msource/css/style.styl\u001b[39m","time":"2015-12-15T12:22:20.641Z","v":0}
{"name":"hexo","hostname":"LeonLaw-MacbookPro.local","pid":73561,"level":20,"msg":"Processed: \u001b[35msource/fancybox/blank.gif\u001b[39m","time":"2015-12-15T12:22:20.641Z","v":0}
{"name":"hexo","hostname":"LeonLaw-MacbookPro.local","pid":73561,"level":20,"msg":"Processed: \u001b[35msource/css/fonts/fontawesome-webfont.woff\u001b[39m","time":"2015-12-15T12:22:20.641Z","v":0}
{"name":"hexo","hostname":"LeonLaw-MacbookPro.local","pid":73561,"level":20,"msg":"Processed: \u001b[35msource/css/fonts/FontAwesome.otf\u001b[39m","time":"2015-12-15T12:22:20.641Z","v":0}
{"name":"hexo","hostname":"LeonLaw-MacbookPro.local","pid":73561,"level":20,"msg":"Processed: \u001b[35msource/css/fonts/fontawesome-webfont.eot\u001b[39m","time":"2015-12-15T12:22:20.642Z","v":0}
{"name":"hexo","hostname":"LeonLaw-MacbookPro.local","pid":73561,"level":20,"msg":"Processed: \u001b[35mlayout/tag.ejs\u001b[39m","time":"2015-12-15T12:22:20.650Z","v":0}
{"name":"hexo","hostname":"LeonLaw-MacbookPro.local","pid":73561,"level":20,"msg":"Processed: \u001b[35mlayout/post.ejs\u001b[39m","time":"2015-12-15T12:22:20.653Z","v":0}
{"name":"hexo","hostname":"LeonLaw-MacbookPro.local","pid":73561,"level":20,"msg":"Processed: \u001b[35mlayout/page.ejs\u001b[39m","time":"2015-12-15T12:22:20.655Z","v":0}
{"name":"hexo","hostname":"LeonLaw-MacbookPro.local","pid":73561,"level":20,"msg":"Processed: \u001b[35mlayout/layout.ejs\u001b[39m","time":"2015-12-15T12:22:20.656Z","v":0}
{"name":"hexo","hostname":"LeonLaw-MacbookPro.local","pid":73561,"level":20,"msg":"Processed: \u001b[35mlayout/archive.ejs\u001b[39m","time":"2015-12-15T12:22:20.656Z","v":0}
{"name":"hexo","hostname":"LeonLaw-MacbookPro.local","pid":73561,"level":20,"msg":"Processed: \u001b[35mlayout/index.ejs\u001b[39m","time":"2015-12-15T12:22:20.657Z","v":0}
{"name":"hexo","hostname":"LeonLaw-MacbookPro.local","pid":73561,"level":20,"msg":"Processed: \u001b[35mlayout/category.ejs\u001b[39m","time":"2015-12-15T12:22:20.657Z","v":0}
{"name":"hexo","hostname":"LeonLaw-MacbookPro.local","pid":73561,"level":20,"msg":"Processed: \u001b[35mlayout/_widget/tagcloud.ejs\u001b[39m","time":"2015-12-15T12:22:20.658Z","v":0}
{"name":"hexo","hostname":"LeonLaw-MacbookPro.local","pid":73561,"level":20,"msg":"Processed: \u001b[35mlayout/_widget/recent_posts.ejs\u001b[39m","time":"2015-12-15T12:22:20.658Z","v":0}
{"name":"hexo","hostname":"LeonLaw-MacbookPro.local","pid":73561,"level":20,"msg":"Processed: \u001b[35mlayout/_widget/tag.ejs\u001b[39m","time":"2015-12-15T12:22:20.659Z","v":0}
{"name":"hexo","hostname":"LeonLaw-MacbookPro.local","pid":73561,"level":20,"msg":"Processed: \u001b[35mlayout/_widget/category.ejs\u001b[39m","time":"2015-12-15T12:22:20.659Z","v":0}
{"name":"hexo","hostname":"LeonLaw-MacbookPro.local","pid":73561,"level":20,"msg":"Processed: \u001b[35mlayout/_widget/archive.ejs\u001b[39m","time":"2015-12-15T12:22:20.660Z","v":0}
{"name":"hexo","hostname":"LeonLaw-MacbookPro.local","pid":73561,"level":20,"msg":"Processed: \u001b[35mlayout/_partial/sidebar.ejs\u001b[39m","time":"2015-12-15T12:22:20.661Z","v":0}
{"name":"hexo","hostname":"LeonLaw-MacbookPro.local","pid":73561,"level":20,"msg":"Processed: \u001b[35mlayout/_partial/post/title.ejs\u001b[39m","time":"2015-12-15T12:22:20.663Z","v":0}
{"name":"hexo","hostname":"LeonLaw-MacbookPro.local","pid":73561,"level":20,"msg":"Processed: \u001b[35mlayout/_partial/post/tag.ejs\u001b[39m","time":"2015-12-15T12:22:20.663Z","v":0}
{"name":"hexo","hostname":"LeonLaw-MacbookPro.local","pid":73561,"level":20,"msg":"Processed: \u001b[35mlayout/_partial/post/nav.ejs\u001b[39m","time":"2015-12-15T12:22:20.664Z","v":0}
{"name":"hexo","hostname":"LeonLaw-MacbookPro.local","pid":73561,"level":20,"msg":"Processed: \u001b[35mlayout/_partial/post/category.ejs\u001b[39m","time":"2015-12-15T12:22:20.666Z","v":0}
{"name":"hexo","hostname":"LeonLaw-MacbookPro.local","pid":73561,"level":20,"msg":"Processed: \u001b[35mlayout/_partial/post/gallery.ejs\u001b[39m","time":"2015-12-15T12:22:20.666Z","v":0}
{"name":"hexo","hostname":"LeonLaw-MacbookPro.local","pid":73561,"level":20,"msg":"Processed: \u001b[35mlayout/_partial/post/date.ejs\u001b[39m","time":"2015-12-15T12:22:20.669Z","v":0}
{"name":"hexo","hostname":"LeonLaw-MacbookPro.local","pid":73561,"level":20,"msg":"Processed: \u001b[35mlayout/_partial/mobile-nav.ejs\u001b[39m","time":"2015-12-15T12:22:20.669Z","v":0}
{"name":"hexo","hostname":"LeonLaw-MacbookPro.local","pid":73561,"level":20,"msg":"Processed: \u001b[35mlayout/_partial/google-analytics.ejs\u001b[39m","time":"2015-12-15T12:22:20.670Z","v":0}
{"name":"hexo","hostname":"LeonLaw-MacbookPro.local","pid":73561,"level":20,"msg":"Processed: \u001b[35mlayout/_partial/header.ejs\u001b[39m","time":"2015-12-15T12:22:20.671Z","v":0}
{"name":"hexo","hostname":"LeonLaw-MacbookPro.local","pid":73561,"level":20,"msg":"Processed: \u001b[35mlayout/_partial/head.ejs\u001b[39m","time":"2015-12-15T12:22:20.673Z","v":0}
{"name":"hexo","hostname":"LeonLaw-MacbookPro.local","pid":73561,"level":20,"msg":"Processed: \u001b[35mlayout/_partial/footer.ejs\u001b[39m","time":"2015-12-15T12:22:20.676Z","v":0}
{"name":"hexo","hostname":"LeonLaw-MacbookPro.local","pid":73561,"level":20,"msg":"Processed: \u001b[35mlayout/_partial/archive.ejs\u001b[39m","time":"2015-12-15T12:22:20.680Z","v":0}
{"name":"hexo","hostname":"LeonLaw-MacbookPro.local","pid":73561,"level":20,"msg":"Processed: \u001b[35mlayout/_partial/article.ejs\u001b[39m","time":"2015-12-15T12:22:20.681Z","v":0}
{"name":"hexo","hostname":"LeonLaw-MacbookPro.local","pid":73561,"level":20,"msg":"Processed: \u001b[35mlayout/_partial/archive-post.ejs\u001b[39m","time":"2015-12-15T12:22:20.682Z","v":0}
{"name":"hexo","hostname":"LeonLaw-MacbookPro.local","pid":73561,"level":20,"msg":"Processed: \u001b[35mlayout/_partial/after-footer.ejs\u001b[39m","time":"2015-12-15T12:22:20.683Z","v":0}
{"name":"hexo","hostname":"LeonLaw-MacbookPro.local","pid":73561,"level":20,"msg":"Theme config loaded.","time":"2015-12-15T12:22:20.684Z","v":0}
{"name":"hexo","hostname":"LeonLaw-MacbookPro.local","pid":73561,"level":20,"msg":"Processed: \u001b[35m_config.yml\u001b[39m","time":"2015-12-15T12:22:20.685Z","v":0}
{"name":"hexo","hostname":"LeonLaw-MacbookPro.local","pid":73561,"level":20,"msg":"Generator: \u001b[35mpage\u001b[39m","time":"2015-12-15T12:22:21.038Z","v":0}
{"name":"hexo","hostname":"LeonLaw-MacbookPro.local","pid":73561,"level":20,"msg":"Generator: \u001b[35mpost\u001b[39m","time":"2015-12-15T12:22:21.038Z","v":0}
{"name":"hexo","hostname":"LeonLaw-MacbookPro.local","pid":73561,"level":20,"msg":"Generator: \u001b[35marchive\u001b[39m","time":"2015-12-15T12:22:21.039Z","v":0}
{"name":"hexo","hostname":"LeonLaw-MacbookPro.local","pid":73561,"level":20,"msg":"Generator: \u001b[35mcategory\u001b[39m","time":"2015-12-15T12:22:21.039Z","v":0}
{"name":"hexo","hostname":"LeonLaw-MacbookPro.local","pid":73561,"level":20,"msg":"Generator: \u001b[35mtag\u001b[39m","time":"2015-12-15T12:22:21.039Z","v":0}
{"name":"hexo","hostname":"LeonLaw-MacbookPro.local","pid":73561,"level":20,"msg":"Generator: \u001b[35mindex\u001b[39m","time":"2015-12-15T12:22:21.039Z","v":0}
{"name":"hexo","hostname":"LeonLaw-MacbookPro.local","pid":73561,"level":20,"msg":"Generator: \u001b[35masset\u001b[39m","time":"2015-12-15T12:22:21.041Z","v":0}
{"name":"hexo","hostname":"LeonLaw-MacbookPro.local","pid":73561,"level":30,"msg":"Hexo is running at \u001b[4mhttp://0.0.0.0:4000/\u001b[24m. Press Ctrl+C to stop.","time":"2015-12-15T12:22:21.047Z","v":0}
{"name":"hexo","hostname":"LeonLaw-MacbookPro.local","pid":73561,"level":20,"msg":"Database saved","time":"2015-12-15T12:22:21.056Z","v":0}
{"name":"hexo","hostname":"LeonLaw-MacbookPro.local","pid":73561,"level":20,"msg":"Rendering index: \u001b[35mindex.html\u001b[39m","time":"2015-12-15T12:22:26.267Z","v":0}
{"name":"hexo","hostname":"LeonLaw-MacbookPro.local","pid":73561,"level":30,"msg":"See you again","time":"2015-12-15T12:22:51.175Z","v":0}
{"name":"hexo","hostname":"LeonLaw-MacbookPro.local","pid":73561,"level":20,"msg":"Database saved","time":"2015-12-15T12:22:51.184Z","v":0}
